\BOOKMARK [1][-]{section*.1}{\376\377\000C\000o\000u\000r\000s\000e\000\040\000D\000e\000s\000c\000r\000i\000p\000t\000i\000o\000n}{}% 1
\BOOKMARK [1][-]{section*.2}{\376\377\000C\000o\000u\000r\000s\000e\000\040\000F\000o\000r\000m\000a\000t}{}% 2
\BOOKMARK [1][-]{section*.3}{\376\377\000R\000e\000q\000u\000i\000r\000e\000d\000\040\000T\000e\000x\000t}{}% 3
\BOOKMARK [1][-]{section*.4}{\376\377\000R\000e\000q\000u\000i\000r\000e\000d\000\040\000S\000o\000f\000t\000w\000a\000r\000e}{}% 4
\BOOKMARK [1][-]{section*.5}{\376\377\000A\000d\000d\000i\000t\000i\000o\000n\000a\000l\000\040\000R\000e\000s\000o\000u\000r\000c\000e\000s}{}% 5
\BOOKMARK [1][-]{section*.6}{\376\377\000C\000o\000u\000r\000s\000e\000\040\000G\000o\000a\000l\000s}{}% 6
\BOOKMARK [1][-]{section*.7}{\376\377\000C\000o\000u\000r\000s\000e\000\040\000L\000e\000a\000r\000n\000i\000n\000g\000\040\000O\000b\000j\000e\000c\000t\000i\000v\000e\000s}{}% 7
\BOOKMARK [1][-]{section*.8}{\376\377\000C\000o\000u\000r\000s\000e\000\040\000R\000e\000q\000u\000i\000r\000e\000m\000e\000n\000t\000s\000\040\000\046\000\040\000A\000s\000s\000e\000s\000s\000m\000e\000n\000t}{}% 8
\BOOKMARK [2][-]{subsection*.9}{\376\377\000E\000x\000p\000e\000c\000t\000a\000t\000i\000o\000n\000s}{section*.8}% 9
\BOOKMARK [2][-]{subsection*.10}{\376\377\000E\000x\000a\000m\000s}{section*.8}% 10
\BOOKMARK [2][-]{subsection*.11}{\376\377\000H\000o\000m\000e\000w\000o\000r\000k}{section*.8}% 11
\BOOKMARK [2][-]{subsection*.12}{\376\377\000D\000a\000t\000a\000c\000a\000m\000p\000.\000c\000o\000m}{section*.8}% 12
\BOOKMARK [2][-]{subsection*.13}{\376\377\000E\000x\000t\000r\000a\000\040\000C\000r\000e\000d\000i\000t}{section*.8}% 13
\BOOKMARK [2][-]{subsection*.14}{\376\377\000A\000t\000t\000e\000n\000d\000a\000n\000c\000e\000\040\000a\000n\000d\000\040\000C\000l\000a\000s\000s\000\040\000P\000a\000r\000t\000i\000c\000i\000p\000a\000t\000i\000o\000n}{section*.8}% 14
\BOOKMARK [1][-]{section*.15}{\376\377\000C\000o\000u\000r\000s\000e\000\040\000O\000u\000t\000l\000i\000n\000e\000/\000S\000c\000h\000e\000d\000u\000l\000e}{}% 15
\BOOKMARK [2][-]{subsection*.16}{\376\377\000T\000o\000p\000i\000c\000s}{section*.15}% 16
\BOOKMARK [2][-]{subsection*.17}{\376\377\000C\000o\000u\000r\000s\000e\000\040\000S\000c\000h\000e\000d\000u\000l\000e}{section*.15}% 17
\BOOKMARK [1][-]{section*.18}{\376\377\000G\000r\000a\000d\000i\000n\000g}{}% 18
\BOOKMARK [1][-]{section*.19}{\376\377\000D\000i\000v\000e\000r\000s\000i\000t\000y\000\040\000S\000t\000a\000t\000e\000m\000e\000n\000t}{}% 19
\BOOKMARK [1][-]{section*.20}{\376\377\000R\000e\000p\000o\000r\000t\000i\000n\000g\000\040\000B\000i\000a\000s\000\040\000I\000n\000c\000i\000d\000e\000n\000t\000s}{}% 20
\BOOKMARK [1][-]{section*.21}{\376\377\000U\000n\000i\000v\000e\000r\000s\000i\000t\000y\000-\000w\000i\000d\000e\000\040\000A\000c\000a\000d\000e\000m\000i\000c\000\040\000P\000o\000l\000i\000c\000i\000e\000s}{}% 21
\BOOKMARK [1][-]{section*.22}{\376\377\000A\000c\000c\000e\000s\000s\000i\000b\000i\000l\000i\000t\000y\000\040\000R\000e\000s\000o\000u\000r\000c\000e\000s\000\040\000C\000e\000n\000t\000e\000r}{}% 22
\BOOKMARK [1][-]{section*.23}{\376\377\000C\000e\000n\000t\000e\000r\000\040\000f\000o\000r\000\040\000L\000e\000a\000r\000n\000i\000n\000g\000\040\000R\000e\000s\000o\000u\000r\000c\000e\000s\000\040\000\050\000C\000L\000R\000\051}{}% 23
\BOOKMARK [1][-]{section*.24}{\376\377\000C\000e\000n\000t\000e\000r\000\040\000f\000o\000r\000\040\000S\000t\000u\000d\000e\000n\000t\000\040\000S\000u\000c\000c\000e\000s\000s\000\040\000\050\000C\000S\000S\000\051}{}% 24
\BOOKMARK [1][-]{section*.25}{\376\377\000C\000o\000u\000n\000s\000e\000l\000i\000n\000g\000\040\000\046\000\040\000P\000s\000y\000c\000h\000o\000l\000o\000g\000i\000c\000a\000l\000\040\000S\000e\000r\000v\000i\000c\000e\000s\000\040\000\050\000C\000A\000P\000S\000\051}{}% 25
\BOOKMARK [1][-]{section*.26}{\376\377\000M\000y\000a\000t\000t\000\040\000C\000e\000n\000t\000e\000r}{}% 26
\BOOKMARK [1][-]{section*.27}{\376\377\000M\000a\000r\000v\000i\000n\000\040\000K\000.\000\040\000P\000e\000t\000e\000r\000s\000o\000n\000\040\000L\000i\000b\000r\000a\000r\000y}{}% 27
\BOOKMARK [1][-]{section*.28}{\376\377\000U\000n\000i\000v\000e\000r\000s\000i\000t\000y\000\040\000W\000r\000i\000t\000i\000n\000g\000\040\000C\000e\000n\000t\000e\000r}{}% 28
\BOOKMARK [1][-]{section*.29}{\376\377\000M\000i\000l\000i\000t\000a\000r\000y\000\040\000\046\000\040\000V\000e\000t\000e\000r\000a\000n\000\040\000S\000e\000r\000v\000i\000c\000e\000s}{}% 29
\BOOKMARK [1][-]{section*.30}{\376\377\000F\000i\000n\000a\000l\000\040\000t\000h\000o\000u\000g\000h\000t\000s}{}% 30
